c:\users\hh\desktop\crossy-road\x64\release\vc142.pdb
c:\users\hh\desktop\crossy-road\x64\release\menu.obj
c:\users\hh\desktop\crossy-road\x64\release\cvehicle.obj
c:\users\hh\desktop\crossy-road\x64\release\ctruck.obj
c:\users\hh\desktop\crossy-road\x64\release\ctraffic.obj
c:\users\hh\desktop\crossy-road\x64\release\cdinausor.obj
c:\users\hh\desktop\crossy-road\x64\release\ccar.obj
c:\users\hh\desktop\crossy-road\x64\release\cbird.obj
c:\users\hh\desktop\crossy-road\x64\release\cobject.obj
c:\users\hh\desktop\crossy-road\x64\release\cpeople.obj
c:\users\hh\desktop\crossy-road\x64\release\cgame.obj
c:\users\hh\desktop\crossy-road\x64\release\main.obj
c:\users\hh\desktop\crossy-road\x64\release\crossyroad.ilk
c:\users\hh\desktop\crossy-road\x64\release\crossyroad.exe
c:\users\hh\desktop\crossy-road\x64\release\crossyroad.pdb
c:\users\hh\desktop\crossy-road\x64\release\crossyroad.tlog\cl.command.1.tlog
c:\users\hh\desktop\crossy-road\x64\release\crossyroad.tlog\cl.read.1.tlog
c:\users\hh\desktop\crossy-road\x64\release\crossyroad.tlog\cl.write.1.tlog
c:\users\hh\desktop\crossy-road\x64\release\crossyroad.tlog\link.command.1.tlog
c:\users\hh\desktop\crossy-road\x64\release\crossyroad.tlog\link.read.1.tlog
c:\users\hh\desktop\crossy-road\x64\release\crossyroad.tlog\link.write.1.tlog
