  main.cpp
C:\Users\HH\Desktop\crossy-road\include\CTRUCK.h(5,10): fatal error C1083: Cannot open include file: 'SFML/audio.hpp': No such file or directory
  CCAR.cpp
C:\Users\HH\Desktop\crossy-road\include\CCAR.h(5,10): fatal error C1083: Cannot open include file: 'SFML/audio.hpp': No such file or directory
  CGAME.cpp
C:\Users\HH\Desktop\crossy-road\include\CTRUCK.h(5,10): fatal error C1083: Cannot open include file: 'SFML/audio.hpp': No such file or directory
  CPEOPLE.cpp
  CTRUCK.cpp
C:\Users\HH\Desktop\crossy-road\include\CTRUCK.h(5,10): fatal error C1083: Cannot open include file: 'SFML/audio.hpp': No such file or directory
  CVEHICLE.cpp
C:\Users\HH\Desktop\crossy-road\src\CVEHICLE.cpp(14,18): error C2653: 'sf': is not a class or namespace name
C:\Users\HH\Desktop\crossy-road\src\CVEHICLE.cpp(14,6): error C2065: 'SoundBuffer': undeclared identifier
C:\Users\HH\Desktop\crossy-road\src\CVEHICLE.cpp(14,18): error C2146: syntax error: missing ';' before identifier 'buffer'
C:\Users\HH\Desktop\crossy-road\src\CVEHICLE.cpp(14,18): error C2065: 'buffer': undeclared identifier
C:\Users\HH\Desktop\crossy-road\src\CVEHICLE.cpp(15,7): error C2065: 'buffer': undeclared identifier
C:\Users\HH\Desktop\crossy-road\src\CVEHICLE.cpp(18,12): error C2653: 'sf': is not a class or namespace name
C:\Users\HH\Desktop\crossy-road\src\CVEHICLE.cpp(18,6): error C2065: 'Sound': undeclared identifier
C:\Users\HH\Desktop\crossy-road\src\CVEHICLE.cpp(18,12): error C2146: syntax error: missing ';' before identifier 'sound'
C:\Users\HH\Desktop\crossy-road\src\CVEHICLE.cpp(18,12): error C2065: 'sound': undeclared identifier
C:\Users\HH\Desktop\crossy-road\src\CVEHICLE.cpp(19,2): error C2065: 'sound': undeclared identifier
C:\Users\HH\Desktop\crossy-road\src\CVEHICLE.cpp(19,19): error C2065: 'buffer': undeclared identifier
C:\Users\HH\Desktop\crossy-road\src\CVEHICLE.cpp(20,2): error C2065: 'sound': undeclared identifier
  Generating Code...
